<?xml version="1.0" encoding="UTF-8"?>
<coverage generated="1670025635670" clover="3.2.0">
  <project timestamp="1670025635670" name="All files">
    <metrics statements="32" coveredstatements="0" conditionals="30" coveredconditionals="0" methods="13" coveredmethods="0" elements="75" coveredelements="0" complexity="0" loc="32" ncloc="32" packages="1" files="1" classes="1"/>
    <file name="App.js" path="/Users/liutianze/CatsLiveRepo/src/App.js">
      <metrics statements="32" coveredstatements="0" conditionals="30" coveredconditionals="0" methods="13" coveredmethods="0"/>
      <line num="15" count="0" type="stmt"/>
      <line num="16" count="0" type="stmt"/>
      <line num="17" count="0" type="stmt"/>
      <line num="23" count="0" type="stmt"/>
      <line num="24" count="0" type="stmt"/>
      <line num="25" count="0" type="stmt"/>
      <line num="26" count="0" type="stmt"/>
      <line num="27" count="0" type="stmt"/>
      <line num="29" count="0" type="stmt"/>
      <line num="30" count="0" type="stmt"/>
      <line num="31" count="0" type="stmt"/>
      <line num="32" count="0" type="stmt"/>
      <line num="35" count="0" type="stmt"/>
      <line num="36" count="0" type="stmt"/>
      <line num="37" count="0" type="stmt"/>
      <line num="38" count="0" type="stmt"/>
      <line num="44" count="0" type="stmt"/>
      <line num="47" count="0" type="stmt"/>
      <line num="48" count="0" type="cond" truecount="0" falsecount="2"/>
      <line num="49" count="0" type="stmt"/>
      <line num="51" count="0" type="stmt"/>
      <line num="52" count="0" type="stmt"/>
      <line num="53" count="0" type="stmt"/>
      <line num="59" count="0" type="stmt"/>
      <line num="63" count="0" type="stmt"/>
      <line num="88" count="0" type="stmt"/>
      <line num="105" count="0" type="stmt"/>
      <line num="123" count="0" type="stmt"/>
      <line num="133" count="0" type="cond" truecount="0" falsecount="2"/>
      <line num="134" count="0" type="stmt"/>
      <line num="136" count="0" type="stmt"/>
      <line num="152" count="0" type="stmt"/>
    </file>
  </project>
</coverage>
