{"/Users/liutianze/CatsLiveRepo/src/App.js": {"path":"/Users/liutianze/CatsLiveRepo/src/App.js","statementMap":{"0":{"start":{"line":15,"column":38},"end":{"line":15,"column":50}},"1":{"start":{"line":16,"column":34},"end":{"line":16,"column":46}},"2":{"start":{"line":17,"column":32},"end":{"line":21,"column":4}},"3":{"start":{"line":23,"column":15},"end":{"line":23,"column":32}},"4":{"start":{"line":24,"column":20},"end":{"line":24,"column":45}},"5":{"start":{"line":25,"column":22},"end":{"line":25,"column":58}},"6":{"start":{"line":26,"column":44},"end":{"line":26,"column":59}},"7":{"start":{"line":27,"column":40},"end":{"line":27,"column":52}},"8":{"start":{"line":29,"column":2},"end":{"line":33,"column":9}},"9":{"start":{"line":30,"column":14},"end":{"line":30,"column":16}},"10":{"start":{"line":31,"column":4},"end":{"line":31,"column":52}},"11":{"start":{"line":31,"column":36},"end":{"line":31,"column":50}},"12":{"start":{"line":32,"column":4},"end":{"line":32,"column":23}},"13":{"start":{"line":35,"column":2},"end":{"line":45,"column":28}},"14":{"start":{"line":36,"column":42},"end":{"line":36,"column":49}},"15":{"start":{"line":37,"column":14},"end":{"line":43,"column":6}},"16":{"start":{"line":38,"column":6},"end":{"line":42,"column":8}},"17":{"start":{"line":44,"column":4},"end":{"line":44,"column":21}},"18":{"start":{"line":47,"column":2},"end":{"line":61,"column":22}},"19":{"start":{"line":48,"column":4},"end":{"line":60,"column":5}},"20":{"start":{"line":49,"column":6},"end":{"line":49,"column":85}},"21":{"start":{"line":49,"column":50},"end":{"line":49,"column":82}},"22":{"start":{"line":51,"column":44},"end":{"line":51,"column":51}},"23":{"start":{"line":52,"column":16},"end":{"line":58,"column":8}},"24":{"start":{"line":53,"column":8},"end":{"line":57,"column":10}},"25":{"start":{"line":59,"column":6},"end":{"line":59,"column":23}},"26":{"start":{"line":63,"column":2},"end":{"line":163,"column":4}},"27":{"start":{"line":88,"column":29},"end":{"line":88,"column":77}},"28":{"start":{"line":105,"column":14},"end":{"line":105,"column":66}},"29":{"start":{"line":123,"column":14},"end":{"line":123,"column":67}},"30":{"start":{"line":133,"column":12},"end":{"line":137,"column":13}},"31":{"start":{"line":134,"column":14},"end":{"line":134,"column":37}},"32":{"start":{"line":136,"column":14},"end":{"line":136,"column":38}},"33":{"start":{"line":152,"column":16},"end":{"line":154,"column":22}}},"fnMap":{"0":{"name":"App","decl":{"start":{"line":14,"column":9},"end":{"line":14,"column":12}},"loc":{"start":{"line":14,"column":15},"end":{"line":164,"column":1}},"line":14},"1":{"name":"(anonymous_1)","decl":{"start":{"line":29,"column":12},"end":{"line":29,"column":13}},"loc":{"start":{"line":29,"column":18},"end":{"line":33,"column":3}},"line":29},"2":{"name":"(anonymous_2)","decl":{"start":{"line":31,"column":29},"end":{"line":31,"column":30}},"loc":{"start":{"line":31,"column":36},"end":{"line":31,"column":50}},"line":31},"3":{"name":"(anonymous_3)","decl":{"start":{"line":35,"column":12},"end":{"line":35,"column":13}},"loc":{"start":{"line":35,"column":18},"end":{"line":45,"column":3}},"line":35},"4":{"name":"(anonymous_4)","decl":{"start":{"line":37,"column":32},"end":{"line":37,"column":33}},"loc":{"start":{"line":37,"column":39},"end":{"line":43,"column":5}},"line":37},"5":{"name":"(anonymous_5)","decl":{"start":{"line":47,"column":12},"end":{"line":47,"column":13}},"loc":{"start":{"line":47,"column":18},"end":{"line":61,"column":3}},"line":47},"6":{"name":"(anonymous_6)","decl":{"start":{"line":49,"column":34},"end":{"line":49,"column":35}},"loc":{"start":{"line":49,"column":50},"end":{"line":49,"column":82}},"line":49},"7":{"name":"(anonymous_7)","decl":{"start":{"line":52,"column":34},"end":{"line":52,"column":35}},"loc":{"start":{"line":52,"column":41},"end":{"line":58,"column":7}},"line":52},"8":{"name":"(anonymous_8)","decl":{"start":{"line":88,"column":22},"end":{"line":88,"column":23}},"loc":{"start":{"line":88,"column":29},"end":{"line":88,"column":77}},"line":88},"9":{"name":"(anonymous_9)","decl":{"start":{"line":104,"column":22},"end":{"line":104,"column":23}},"loc":{"start":{"line":105,"column":14},"end":{"line":105,"column":66}},"line":105},"10":{"name":"(anonymous_10)","decl":{"start":{"line":122,"column":22},"end":{"line":122,"column":23}},"loc":{"start":{"line":123,"column":14},"end":{"line":123,"column":67}},"line":123},"11":{"name":"(anonymous_11)","decl":{"start":{"line":132,"column":34},"end":{"line":132,"column":35}},"loc":{"start":{"line":132,"column":40},"end":{"line":138,"column":11}},"line":132},"12":{"name":"(anonymous_12)","decl":{"start":{"line":151,"column":27},"end":{"line":151,"column":28}},"loc":{"start":{"line":152,"column":16},"end":{"line":154,"column":22}},"line":152}},"branchMap":{"0":{"loc":{"start":{"line":39,"column":8},"end":{"line":41,"column":63}},"type":"binary-expr","locations":[{"start":{"line":39,"column":9},"end":{"line":39,"column":57}},{"start":{"line":40,"column":9},"end":{"line":40,"column":59}},{"start":{"line":41,"column":9},"end":{"line":41,"column":62}}],"line":39},"1":{"loc":{"start":{"line":39,"column":9},"end":{"line":39,"column":57}},"type":"cond-expr","locations":[{"start":{"line":39,"column":26},"end":{"line":39,"column":30}},{"start":{"line":39,"column":33},"end":{"line":39,"column":57}}],"line":39},"2":{"loc":{"start":{"line":40,"column":9},"end":{"line":40,"column":59}},"type":"cond-expr","locations":[{"start":{"line":40,"column":30},"end":{"line":40,"column":34}},{"start":{"line":40,"column":37},"end":{"line":40,"column":59}}],"line":40},"3":{"loc":{"start":{"line":41,"column":9},"end":{"line":41,"column":62}},"type":"cond-expr","locations":[{"start":{"line":41,"column":31},"end":{"line":41,"column":35}},{"start":{"line":41,"column":38},"end":{"line":41,"column":62}}],"line":41},"4":{"loc":{"start":{"line":48,"column":4},"end":{"line":60,"column":5}},"type":"if","locations":[{"start":{"line":48,"column":4},"end":{"line":60,"column":5}},{"start":{"line":50,"column":11},"end":{"line":60,"column":5}}],"line":48},"5":{"loc":{"start":{"line":54,"column":10},"end":{"line":56,"column":66}},"type":"binary-expr","locations":[{"start":{"line":54,"column":11},"end":{"line":54,"column":59}},{"start":{"line":55,"column":11},"end":{"line":55,"column":62}},{"start":{"line":56,"column":11},"end":{"line":56,"column":65}}],"line":54},"6":{"loc":{"start":{"line":54,"column":11},"end":{"line":54,"column":59}},"type":"cond-expr","locations":[{"start":{"line":54,"column":28},"end":{"line":54,"column":32}},{"start":{"line":54,"column":35},"end":{"line":54,"column":59}}],"line":54},"7":{"loc":{"start":{"line":55,"column":11},"end":{"line":55,"column":62}},"type":"cond-expr","locations":[{"start":{"line":55,"column":32},"end":{"line":55,"column":36}},{"start":{"line":55,"column":39},"end":{"line":55,"column":62}}],"line":55},"8":{"loc":{"start":{"line":56,"column":11},"end":{"line":56,"column":65}},"type":"cond-expr","locations":[{"start":{"line":56,"column":33},"end":{"line":56,"column":37}},{"start":{"line":56,"column":40},"end":{"line":56,"column":65}}],"line":56},"9":{"loc":{"start":{"line":132,"column":12},"end":{"line":140,"column":16}},"type":"binary-expr","locations":[{"start":{"line":132,"column":12},"end":{"line":132,"column":16}},{"start":{"line":132,"column":20},"end":{"line":140,"column":16}}],"line":132},"10":{"loc":{"start":{"line":133,"column":12},"end":{"line":137,"column":13}},"type":"if","locations":[{"start":{"line":133,"column":12},"end":{"line":137,"column":13}},{"start":{"line":135,"column":19},"end":{"line":137,"column":13}}],"line":133},"11":{"loc":{"start":{"line":139,"column":14},"end":{"line":139,"column":90}},"type":"cond-expr","locations":[{"start":{"line":139,"column":40},"end":{"line":139,"column":66}},{"start":{"line":139,"column":69},"end":{"line":139,"column":90}}],"line":139},"12":{"loc":{"start":{"line":150,"column":13},"end":{"line":158,"column":13}},"type":"cond-expr","locations":[{"start":{"line":151,"column":14},"end":{"line":155,"column":16}},{"start":{"line":157,"column":14},"end":{"line":157,"column":41}}],"line":150},"13":{"loc":{"start":{"line":153,"column":63},"end":{"line":153,"column":110}},"type":"cond-expr","locations":[{"start":{"line":153,"column":98},"end":{"line":153,"column":102}},{"start":{"line":153,"column":105},"end":{"line":153,"column":110}}],"line":153}},"s":{"0":0,"1":0,"2":0,"3":0,"4":0,"5":0,"6":0,"7":0,"8":0,"9":0,"10":0,"11":0,"12":0,"13":0,"14":0,"15":0,"16":0,"17":0,"18":0,"19":0,"20":0,"21":0,"22":0,"23":0,"24":0,"25":0,"26":0,"27":0,"28":0,"29":0,"30":0,"31":0,"32":0,"33":0},"f":{"0":0,"1":0,"2":0,"3":0,"4":0,"5":0,"6":0,"7":0,"8":0,"9":0,"10":0,"11":0,"12":0},"b":{"0":[0,0,0],"1":[0,0],"2":[0,0],"3":[0,0],"4":[0,0],"5":[0,0,0],"6":[0,0],"7":[0,0],"8":[0,0],"9":[0,0],"10":[0,0],"11":[0,0],"12":[0,0],"13":[0,0]}}
}
